14:28:44 21.12.2025 [                  git.cmd]: |  DEBUG|: Popen(['git', 'version'], cwd=/home/user/Desktop/msu-prac-3-new4, stdin=None, shell=False, universal_newlines=False)
14:28:44 21.12.2025 [                  git.cmd]: |  DEBUG|: Popen(['git', 'version'], cwd=/home/user/Desktop/msu-prac-3-new4, stdin=None, shell=False, universal_newlines=False)
14:28:45 21.12.2025 [ depot.database.functions]: |  DEBUG|: Stored UpdateTime: ID=Imap deliver, timestamp=2025-12-21 14:28:45.000715
14:28:45 21.12.2025 [ depot.database.functions]: |  DEBUG|: Searched for CheckResult
14:29:27 21.12.2025 [              deliver.git]: |   INFO|: Downloading (or updating) all repos and store them
14:29:27 21.12.2025 [              deliver.git]: |   INFO|: Updating all repos
14:29:31 21.12.2025 [              deliver.git]: |WARNING|: Can't pull https://github.com/auraxite/msu-prac-3.git repo: Cmd('git') failed due to: exit code(1)
  cmdline: git pull origin master
  stderr: 'fatal: couldn't find remote ref master'
14:29:37 21.12.2025 [                     make]: |   INFO|: Parse and store all homeworks...
14:29:38 21.12.2025 [                     make]: |   INFO|: Run new checks on all solutions...
14:29:43 21.12.2025 [                     make]: |WARNING|: Not found check named<Кибизов Кирилл:20251110/1/1> from solution ID=Броничев Александр:20251110/1, TASK_ID=20251110/1, USER_ID=Броничев Александр, timestamp=2025-12-14 21:21:08
14:29:43 21.12.2025 [                     make]: |WARNING|: Not found check named<Кибизов Кирилл:20251110/1/2> from solution ID=Броничев Александр:20251110/1, TASK_ID=20251110/1, USER_ID=Броничев Александр, timestamp=2025-12-14 21:21:08
14:29:43 21.12.2025 [                     make]: |WARNING|: Not found check named<Кибизов Кирилл:20251110/1/3> from solution ID=Броничев Александр:20251110/1, TASK_ID=20251110/1, USER_ID=Броничев Александр, timestamp=2025-12-14 21:21:08
14:29:43 21.12.2025 [                     make]: |WARNING|: Not found check named<Кибизов Кирилл:20251110/3/1> from solution ID=Броничев Александр:20251110/3, TASK_ID=20251110/3, USER_ID=Броничев Александр, timestamp=2025-12-14 21:42:27
14:29:43 21.12.2025 [                     make]: |WARNING|: Not found check named<Кибизов Кирилл:20251110/3/2> from solution ID=Броничев Александр:20251110/3, TASK_ID=20251110/3, USER_ID=Броничев Александр, timestamp=2025-12-14 21:42:27
14:29:43 21.12.2025 [                     make]: |WARNING|: Not found check named<Кибизов Кирилл:20251110/3/3> from solution ID=Броничев Александр:20251110/3, TASK_ID=20251110/3, USER_ID=Броничев Александр, timestamp=2025-12-14 21:42:27
14:29:47 21.12.2025 [                     make]: |WARNING|: Not found check named<Броничев Александр:20251007/2/1> from solution ID=Кибизов Кирилл:20251007/2, TASK_ID=20251007/2, USER_ID=Кибизов Кирилл, timestamp=2025-10-11 17:50:38
14:29:47 21.12.2025 [                     make]: |WARNING|: Not found check named<Броничев Александр:20251007/2/2> from solution ID=Кибизов Кирилл:20251007/2, TASK_ID=20251007/2, USER_ID=Кибизов Кирилл, timestamp=2025-10-11 17:50:38
14:29:47 21.12.2025 [                     make]: |WARNING|: Not found check named<Броничев Александр:20251007/2/3> from solution ID=Кибизов Кирилл:20251007/2, TASK_ID=20251007/2, USER_ID=Кибизов Кирилл, timestamp=2025-10-11 17:50:38
14:29:48 21.12.2025 [                     make]: |WARNING|: Not found check named<Броничев Александр:20251007/3/1> from solution ID=Кибизов Кирилл:20251007/3, TASK_ID=20251007/3, USER_ID=Кибизов Кирилл, timestamp=2025-10-11 17:50:38
14:29:48 21.12.2025 [                     make]: |WARNING|: Not found check named<Броничев Александр:20251007/3/2> from solution ID=Кибизов Кирилл:20251007/3, TASK_ID=20251007/3, USER_ID=Кибизов Кирилл, timestamp=2025-10-11 17:50:38
14:29:48 21.12.2025 [                     make]: |WARNING|: Not found check named<Броничев Александр:20251007/3/3> from solution ID=Кибизов Кирилл:20251007/3, TASK_ID=20251007/3, USER_ID=Кибизов Кирилл, timestamp=2025-10-11 17:50:38
14:29:48 21.12.2025 [                     make]: |WARNING|: Not found check named<Броничев Александр:20251014/3/1> from solution ID=Кибизов Кирилл:20251014/3, TASK_ID=20251014/3, USER_ID=Кибизов Кирилл, timestamp=2025-10-20 20:35:18
14:29:48 21.12.2025 [                     make]: |WARNING|: Not found check named<Броничев Александр:20251014/3/2> from solution ID=Кибизов Кирилл:20251014/3, TASK_ID=20251014/3, USER_ID=Кибизов Кирилл, timestamp=2025-10-20 20:35:18
14:29:48 21.12.2025 [                     make]: |WARNING|: Not found check named<Броничев Александр:20251014/3/3> from solution ID=Кибизов Кирилл:20251014/3, TASK_ID=20251014/3, USER_ID=Кибизов Кирилл, timestamp=2025-10-20 20:35:18
14:29:50 21.12.2025 [                     make]: |WARNING|: Not found check named<Броничев Александр:20251028/2/1> from solution ID=Кибизов Кирилл:20251028/2, TASK_ID=20251028/2, USER_ID=Кибизов Кирилл, timestamp=2025-11-02 16:45:51
14:29:50 21.12.2025 [                     make]: |WARNING|: Not found check named<Броничев Александр:20251028/2/2> from solution ID=Кибизов Кирилл:20251028/2, TASK_ID=20251028/2, USER_ID=Кибизов Кирилл, timestamp=2025-11-02 16:45:51
14:29:50 21.12.2025 [                     make]: |WARNING|: Not found check named<Броничев Александр:20251028/2/3> from solution ID=Кибизов Кирилл:20251028/2, TASK_ID=20251028/2, USER_ID=Кибизов Кирилл, timestamp=2025-11-02 16:45:51
14:29:50 21.12.2025 [                     make]: |WARNING|: Not found check named<Броничев Александр:20251028/3/1> from solution ID=Кибизов Кирилл:20251028/3, TASK_ID=20251028/3, USER_ID=Кибизов Кирилл, timestamp=2025-11-02 16:45:51
14:29:50 21.12.2025 [                     make]: |WARNING|: Not found check named<Броничев Александр:20251028/3/2> from solution ID=Кибизов Кирилл:20251028/3, TASK_ID=20251028/3, USER_ID=Кибизов Кирилл, timestamp=2025-11-02 16:45:51
14:29:50 21.12.2025 [                     make]: |WARNING|: Not found check named<Броничев Александр:20251028/3/3> from solution ID=Кибизов Кирилл:20251028/3, TASK_ID=20251028/3, USER_ID=Кибизов Кирилл, timestamp=2025-11-02 16:45:51
14:29:50 21.12.2025 [                     make]: |WARNING|: Not found check named<Броничев Александр:20251111/2/1> from solution ID=Кибизов Кирилл:20251111/2, TASK_ID=20251111/2, USER_ID=Кибизов Кирилл, timestamp=2025-11-16 22:21:23
14:29:50 21.12.2025 [                     make]: |WARNING|: Not found check named<Броничев Александр:20251111/2/2> from solution ID=Кибизов Кирилл:20251111/2, TASK_ID=20251111/2, USER_ID=Кибизов Кирилл, timestamp=2025-11-16 22:21:23
14:29:50 21.12.2025 [                     make]: |WARNING|: Not found check named<Броничев Александр:20251111/2/3> from solution ID=Кибизов Кирилл:20251111/2, TASK_ID=20251111/2, USER_ID=Кибизов Кирилл, timestamp=2025-11-16 22:21:23
14:29:50 21.12.2025 [                     make]: |WARNING|: Not found check named<Броничев Александр:20251111/3/1> from solution ID=Кибизов Кирилл:20251111/3, TASK_ID=20251111/3, USER_ID=Кибизов Кирилл, timestamp=2025-11-16 22:21:23
14:29:50 21.12.2025 [                     make]: |WARNING|: Not found check named<Броничев Александр:20251111/3/2> from solution ID=Кибизов Кирилл:20251111/3, TASK_ID=20251111/3, USER_ID=Кибизов Кирилл, timestamp=2025-11-16 22:21:23
14:29:50 21.12.2025 [                     make]: |WARNING|: Not found check named<Броничев Александр:20251111/3/3> from solution ID=Кибизов Кирилл:20251111/3, TASK_ID=20251111/3, USER_ID=Кибизов Кирилл, timestamp=2025-11-16 22:21:23
14:29:51 21.12.2025 [                     make]: |WARNING|: Not found check named<Броничев Александр:20251125/1/1> from solution ID=Кибизов Кирилл:20251125/1, TASK_ID=20251125/1, USER_ID=Кибизов Кирилл, timestamp=2025-11-28 22:01:15
14:29:51 21.12.2025 [                     make]: |WARNING|: Not found check named<Броничев Александр:20251125/1/2> from solution ID=Кибизов Кирилл:20251125/1, TASK_ID=20251125/1, USER_ID=Кибизов Кирилл, timestamp=2025-11-28 22:01:15
14:29:51 21.12.2025 [                     make]: |WARNING|: Not found check named<Броничев Александр:20251125/1/3> from solution ID=Кибизов Кирилл:20251125/1, TASK_ID=20251125/1, USER_ID=Кибизов Кирилл, timestamp=2025-11-28 22:01:15
14:29:51 21.12.2025 [                     make]: |WARNING|: Not found check named<Броничев Александр:20251125/2/1> from solution ID=Кибизов Кирилл:20251125/2, TASK_ID=20251125/2, USER_ID=Кибизов Кирилл, timestamp=2025-11-28 22:01:15
14:29:51 21.12.2025 [                     make]: |WARNING|: Not found check named<Броничев Александр:20251125/2/2> from solution ID=Кибизов Кирилл:20251125/2, TASK_ID=20251125/2, USER_ID=Кибизов Кирилл, timestamp=2025-11-28 22:01:15
14:29:51 21.12.2025 [                     make]: |WARNING|: Not found check named<Броничев Александр:20251125/2/3> from solution ID=Кибизов Кирилл:20251125/2, TASK_ID=20251125/2, USER_ID=Кибизов Кирилл, timestamp=2025-11-28 22:01:15
14:29:57 21.12.2025 [                     make]: |WARNING|: Not found check named<Броничев Александр:20251202/1/1> from solution ID=Кибизов Кирилл:20251202/1, TASK_ID=20251202/1, USER_ID=Кибизов Кирилл, timestamp=2025-12-07 01:59:19
14:29:57 21.12.2025 [                     make]: |WARNING|: Not found check named<Броничев Александр:20251202/1/2> from solution ID=Кибизов Кирилл:20251202/1, TASK_ID=20251202/1, USER_ID=Кибизов Кирилл, timestamp=2025-12-07 01:59:19
14:29:57 21.12.2025 [                     make]: |WARNING|: Not found check named<Броничев Александр:20251202/1/3> from solution ID=Кибизов Кирилл:20251202/1, TASK_ID=20251202/1, USER_ID=Кибизов Кирилл, timestamp=2025-12-07 01:59:19
14:29:58 21.12.2025 [                     make]: |WARNING|: Not found check named<Броничев Александр:20251202/2/1> from solution ID=Кибизов Кирилл:20251202/2, TASK_ID=20251202/2, USER_ID=Кибизов Кирилл, timestamp=2025-12-07 01:59:19
14:29:58 21.12.2025 [                     make]: |WARNING|: Not found check named<Броничев Александр:20251202/2/2> from solution ID=Кибизов Кирилл:20251202/2, TASK_ID=20251202/2, USER_ID=Кибизов Кирилл, timestamp=2025-12-07 01:59:19
14:29:58 21.12.2025 [                     make]: |WARNING|: Not found check named<Броничев Александр:20251202/2/3> from solution ID=Кибизов Кирилл:20251202/2, TASK_ID=20251202/2, USER_ID=Кибизов Кирилл, timestamp=2025-12-07 01:59:19
14:29:58 21.12.2025 [                    score]: |WARNING|: Empty task_qualifier file
14:29:58 21.12.2025 [                    score]: |WARNING|: Empty user_qualifier file
14:29:58 21.12.2025 [                    score]: |WARNING|: Empty formula file
14:29:58 21.12.2025 [                    score]: |   INFO|: Importing user functions...
14:29:58 21.12.2025 [                    score]: |   INFO|: Performing all imported qualifiers...
14:31:14 21.12.2025 [              deliver.git]: |   INFO|: Downloading (or updating) all repos and store them
14:31:14 21.12.2025 [              deliver.git]: |   INFO|: Updating all repos
14:31:17 21.12.2025 [              deliver.git]: |WARNING|: Can't pull https://github.com/auraxite/msu-prac-3.git repo: Cmd('git') failed due to: exit code(128)
  cmdline: git pull origin master
  stderr: 'From https://github.com/auraxite/msu-prac-3
 * branch            master     -> FETCH_HEAD
 + 6028d52...230a142 master     -> origin/master  (forced update)
hint: You have divergent branches and need to specify how to reconcile them.
hint: You can do so by running one of the following commands sometime before
hint: your next pull:
hint: 
hint:   git config pull.rebase false  # merge
hint:   git config pull.rebase true   # rebase
hint:   git config pull.ff only       # fast-forward only
hint: 
hint: You can replace "git config" with "git config --global" to set a default
hint: preference for all repositories. You can also pass --rebase, --no-rebase,
hint: or --ff-only on the command line to override the configured default per
hint: invocation.
fatal: Need to specify how to reconcile divergent branches.'
14:31:23 21.12.2025 [                     make]: |   INFO|: Parse and store all homeworks...
14:31:23 21.12.2025 [                     make]: |   INFO|: Run new checks on all solutions...
14:31:26 21.12.2025 [                     make]: |WARNING|: Not found check named<Кибизов Кирилл:20251110/1/1> from solution ID=Броничев Александр:20251110/1, TASK_ID=20251110/1, USER_ID=Броничев Александр, timestamp=2025-12-14 21:21:08
14:31:26 21.12.2025 [                     make]: |WARNING|: Not found check named<Кибизов Кирилл:20251110/1/2> from solution ID=Броничев Александр:20251110/1, TASK_ID=20251110/1, USER_ID=Броничев Александр, timestamp=2025-12-14 21:21:08
14:31:26 21.12.2025 [                     make]: |WARNING|: Not found check named<Кибизов Кирилл:20251110/1/3> from solution ID=Броничев Александр:20251110/1, TASK_ID=20251110/1, USER_ID=Броничев Александр, timestamp=2025-12-14 21:21:08
14:31:26 21.12.2025 [                     make]: |WARNING|: Not found check named<Кибизов Кирилл:20251110/3/1> from solution ID=Броничев Александр:20251110/3, TASK_ID=20251110/3, USER_ID=Броничев Александр, timestamp=2025-12-14 21:42:27
14:31:26 21.12.2025 [                     make]: |WARNING|: Not found check named<Кибизов Кирилл:20251110/3/2> from solution ID=Броничев Александр:20251110/3, TASK_ID=20251110/3, USER_ID=Броничев Александр, timestamp=2025-12-14 21:42:27
14:31:26 21.12.2025 [                     make]: |WARNING|: Not found check named<Кибизов Кирилл:20251110/3/3> from solution ID=Броничев Александр:20251110/3, TASK_ID=20251110/3, USER_ID=Броничев Александр, timestamp=2025-12-14 21:42:27
14:31:28 21.12.2025 [                     make]: |WARNING|: Not found check named<Броничев Александр:20251007/2/1> from solution ID=Кибизов Кирилл:20251007/2, TASK_ID=20251007/2, USER_ID=Кибизов Кирилл, timestamp=2025-10-11 17:50:38
14:31:28 21.12.2025 [                     make]: |WARNING|: Not found check named<Броничев Александр:20251007/2/2> from solution ID=Кибизов Кирилл:20251007/2, TASK_ID=20251007/2, USER_ID=Кибизов Кирилл, timestamp=2025-10-11 17:50:38
14:31:28 21.12.2025 [                     make]: |WARNING|: Not found check named<Броничев Александр:20251007/2/3> from solution ID=Кибизов Кирилл:20251007/2, TASK_ID=20251007/2, USER_ID=Кибизов Кирилл, timestamp=2025-10-11 17:50:38
14:31:28 21.12.2025 [                     make]: |WARNING|: Not found check named<Броничев Александр:20251007/3/1> from solution ID=Кибизов Кирилл:20251007/3, TASK_ID=20251007/3, USER_ID=Кибизов Кирилл, timestamp=2025-10-11 17:50:38
14:31:28 21.12.2025 [                     make]: |WARNING|: Not found check named<Броничев Александр:20251007/3/2> from solution ID=Кибизов Кирилл:20251007/3, TASK_ID=20251007/3, USER_ID=Кибизов Кирилл, timestamp=2025-10-11 17:50:38
14:31:28 21.12.2025 [                     make]: |WARNING|: Not found check named<Броничев Александр:20251007/3/3> from solution ID=Кибизов Кирилл:20251007/3, TASK_ID=20251007/3, USER_ID=Кибизов Кирилл, timestamp=2025-10-11 17:50:38
14:31:29 21.12.2025 [                     make]: |WARNING|: Not found check named<Броничев Александр:20251014/3/1> from solution ID=Кибизов Кирилл:20251014/3, TASK_ID=20251014/3, USER_ID=Кибизов Кирилл, timestamp=2025-10-20 20:35:18
14:31:29 21.12.2025 [                     make]: |WARNING|: Not found check named<Броничев Александр:20251014/3/2> from solution ID=Кибизов Кирилл:20251014/3, TASK_ID=20251014/3, USER_ID=Кибизов Кирилл, timestamp=2025-10-20 20:35:18
14:31:29 21.12.2025 [                     make]: |WARNING|: Not found check named<Броничев Александр:20251014/3/3> from solution ID=Кибизов Кирилл:20251014/3, TASK_ID=20251014/3, USER_ID=Кибизов Кирилл, timestamp=2025-10-20 20:35:18
14:31:29 21.12.2025 [                     make]: |WARNING|: Not found check named<Броничев Александр:20251028/2/1> from solution ID=Кибизов Кирилл:20251028/2, TASK_ID=20251028/2, USER_ID=Кибизов Кирилл, timestamp=2025-11-02 16:45:51
14:31:29 21.12.2025 [                     make]: |WARNING|: Not found check named<Броничев Александр:20251028/2/2> from solution ID=Кибизов Кирилл:20251028/2, TASK_ID=20251028/2, USER_ID=Кибизов Кирилл, timestamp=2025-11-02 16:45:51
14:31:29 21.12.2025 [                     make]: |WARNING|: Not found check named<Броничев Александр:20251028/2/3> from solution ID=Кибизов Кирилл:20251028/2, TASK_ID=20251028/2, USER_ID=Кибизов Кирилл, timestamp=2025-11-02 16:45:51
14:31:29 21.12.2025 [                     make]: |WARNING|: Not found check named<Броничев Александр:20251028/3/1> from solution ID=Кибизов Кирилл:20251028/3, TASK_ID=20251028/3, USER_ID=Кибизов Кирилл, timestamp=2025-11-02 16:45:51
14:31:29 21.12.2025 [                     make]: |WARNING|: Not found check named<Броничев Александр:20251028/3/2> from solution ID=Кибизов Кирилл:20251028/3, TASK_ID=20251028/3, USER_ID=Кибизов Кирилл, timestamp=2025-11-02 16:45:51
14:31:29 21.12.2025 [                     make]: |WARNING|: Not found check named<Броничев Александр:20251028/3/3> from solution ID=Кибизов Кирилл:20251028/3, TASK_ID=20251028/3, USER_ID=Кибизов Кирилл, timestamp=2025-11-02 16:45:51
14:31:29 21.12.2025 [                     make]: |WARNING|: Not found check named<Броничев Александр:20251111/2/1> from solution ID=Кибизов Кирилл:20251111/2, TASK_ID=20251111/2, USER_ID=Кибизов Кирилл, timestamp=2025-11-16 22:21:23
14:31:29 21.12.2025 [                     make]: |WARNING|: Not found check named<Броничев Александр:20251111/2/2> from solution ID=Кибизов Кирилл:20251111/2, TASK_ID=20251111/2, USER_ID=Кибизов Кирилл, timestamp=2025-11-16 22:21:23
14:31:29 21.12.2025 [                     make]: |WARNING|: Not found check named<Броничев Александр:20251111/2/3> from solution ID=Кибизов Кирилл:20251111/2, TASK_ID=20251111/2, USER_ID=Кибизов Кирилл, timestamp=2025-11-16 22:21:23
14:31:29 21.12.2025 [                     make]: |WARNING|: Not found check named<Броничев Александр:20251111/3/1> from solution ID=Кибизов Кирилл:20251111/3, TASK_ID=20251111/3, USER_ID=Кибизов Кирилл, timestamp=2025-11-16 22:21:23
14:31:29 21.12.2025 [                     make]: |WARNING|: Not found check named<Броничев Александр:20251111/3/2> from solution ID=Кибизов Кирилл:20251111/3, TASK_ID=20251111/3, USER_ID=Кибизов Кирилл, timestamp=2025-11-16 22:21:23
14:31:29 21.12.2025 [                     make]: |WARNING|: Not found check named<Броничев Александр:20251111/3/3> from solution ID=Кибизов Кирилл:20251111/3, TASK_ID=20251111/3, USER_ID=Кибизов Кирилл, timestamp=2025-11-16 22:21:23
14:31:30 21.12.2025 [                     make]: |WARNING|: Not found check named<Броничев Александр:20251125/1/1> from solution ID=Кибизов Кирилл:20251125/1, TASK_ID=20251125/1, USER_ID=Кибизов Кирилл, timestamp=2025-11-28 22:01:15
14:31:30 21.12.2025 [                     make]: |WARNING|: Not found check named<Броничев Александр:20251125/1/2> from solution ID=Кибизов Кирилл:20251125/1, TASK_ID=20251125/1, USER_ID=Кибизов Кирилл, timestamp=2025-11-28 22:01:15
14:31:30 21.12.2025 [                     make]: |WARNING|: Not found check named<Броничев Александр:20251125/1/3> from solution ID=Кибизов Кирилл:20251125/1, TASK_ID=20251125/1, USER_ID=Кибизов Кирилл, timestamp=2025-11-28 22:01:15
14:31:30 21.12.2025 [                     make]: |WARNING|: Not found check named<Броничев Александр:20251125/2/1> from solution ID=Кибизов Кирилл:20251125/2, TASK_ID=20251125/2, USER_ID=Кибизов Кирилл, timestamp=2025-11-28 22:01:15
14:31:30 21.12.2025 [                     make]: |WARNING|: Not found check named<Броничев Александр:20251125/2/2> from solution ID=Кибизов Кирилл:20251125/2, TASK_ID=20251125/2, USER_ID=Кибизов Кирилл, timestamp=2025-11-28 22:01:15
14:31:30 21.12.2025 [                     make]: |WARNING|: Not found check named<Броничев Александр:20251125/2/3> from solution ID=Кибизов Кирилл:20251125/2, TASK_ID=20251125/2, USER_ID=Кибизов Кирилл, timestamp=2025-11-28 22:01:15
14:31:30 21.12.2025 [                     make]: |WARNING|: Not found check named<Броничев Александр:20251202/1/1> from solution ID=Кибизов Кирилл:20251202/1, TASK_ID=20251202/1, USER_ID=Кибизов Кирилл, timestamp=2025-12-07 01:59:19
14:31:30 21.12.2025 [                     make]: |WARNING|: Not found check named<Броничев Александр:20251202/1/2> from solution ID=Кибизов Кирилл:20251202/1, TASK_ID=20251202/1, USER_ID=Кибизов Кирилл, timestamp=2025-12-07 01:59:19
14:31:30 21.12.2025 [                     make]: |WARNING|: Not found check named<Броничев Александр:20251202/1/3> from solution ID=Кибизов Кирилл:20251202/1, TASK_ID=20251202/1, USER_ID=Кибизов Кирилл, timestamp=2025-12-07 01:59:19
14:31:30 21.12.2025 [                     make]: |WARNING|: Not found check named<Броничев Александр:20251202/2/1> from solution ID=Кибизов Кирилл:20251202/2, TASK_ID=20251202/2, USER_ID=Кибизов Кирилл, timestamp=2025-12-07 01:59:19
14:31:30 21.12.2025 [                     make]: |WARNING|: Not found check named<Броничев Александр:20251202/2/2> from solution ID=Кибизов Кирилл:20251202/2, TASK_ID=20251202/2, USER_ID=Кибизов Кирилл, timestamp=2025-12-07 01:59:19
14:31:30 21.12.2025 [                     make]: |WARNING|: Not found check named<Броничев Александр:20251202/2/3> from solution ID=Кибизов Кирилл:20251202/2, TASK_ID=20251202/2, USER_ID=Кибизов Кирилл, timestamp=2025-12-07 01:59:19
14:31:30 21.12.2025 [                    score]: |   INFO|: Importing user functions...
14:31:30 21.12.2025 [                    score]: |   INFO|: Performing all imported qualifiers...
14:34:53 21.12.2025 [              deliver.git]: |   INFO|: Downloading (or updating) all repos and store them
14:34:53 21.12.2025 [              deliver.git]: |   INFO|: Updating all repos
14:34:56 21.12.2025 [              deliver.git]: |WARNING|: Can't pull https://github.com/auraxite/msu-prac-3.git repo: Cmd('git') failed due to: exit code(128)
  cmdline: git pull origin master
  stderr: 'From https://github.com/auraxite/msu-prac-3
 * branch            master     -> FETCH_HEAD
hint: You have divergent branches and need to specify how to reconcile them.
hint: You can do so by running one of the following commands sometime before
hint: your next pull:
hint: 
hint:   git config pull.rebase false  # merge
hint:   git config pull.rebase true   # rebase
hint:   git config pull.ff only       # fast-forward only
hint: 
hint: You can replace "git config" with "git config --global" to set a default
hint: preference for all repositories. You can also pass --rebase, --no-rebase,
hint: or --ff-only on the command line to override the configured default per
hint: invocation.
fatal: Need to specify how to reconcile divergent branches.'
14:35:15 21.12.2025 [              deliver.git]: |   INFO|: Downloading (or updating) all repos and store them
14:35:15 21.12.2025 [              deliver.git]: |   INFO|: Updating all repos
14:35:23 21.12.2025 [                     make]: |   INFO|: Parse and store all homeworks...
14:35:24 21.12.2025 [                     make]: |   INFO|: Run new checks on all solutions...
14:35:29 21.12.2025 [                     make]: |WARNING|: Not found check named<Броничев Александр:20251007/2/1> from solution ID=Кибизов Кирилл:20251007/2, TASK_ID=20251007/2, USER_ID=Кибизов Кирилл, timestamp=2025-10-11 17:50:38
14:35:29 21.12.2025 [                     make]: |WARNING|: Not found check named<Броничев Александр:20251007/2/2> from solution ID=Кибизов Кирилл:20251007/2, TASK_ID=20251007/2, USER_ID=Кибизов Кирилл, timestamp=2025-10-11 17:50:38
14:35:29 21.12.2025 [                     make]: |WARNING|: Not found check named<Броничев Александр:20251007/2/3> from solution ID=Кибизов Кирилл:20251007/2, TASK_ID=20251007/2, USER_ID=Кибизов Кирилл, timestamp=2025-10-11 17:50:38
14:35:29 21.12.2025 [                     make]: |WARNING|: Not found check named<Броничев Александр:20251007/3/1> from solution ID=Кибизов Кирилл:20251007/3, TASK_ID=20251007/3, USER_ID=Кибизов Кирилл, timestamp=2025-10-11 17:50:38
14:35:29 21.12.2025 [                     make]: |WARNING|: Not found check named<Броничев Александр:20251007/3/2> from solution ID=Кибизов Кирилл:20251007/3, TASK_ID=20251007/3, USER_ID=Кибизов Кирилл, timestamp=2025-10-11 17:50:38
14:35:29 21.12.2025 [                     make]: |WARNING|: Not found check named<Броничев Александр:20251007/3/3> from solution ID=Кибизов Кирилл:20251007/3, TASK_ID=20251007/3, USER_ID=Кибизов Кирилл, timestamp=2025-10-11 17:50:38
14:35:29 21.12.2025 [                     make]: |WARNING|: Not found check named<Броничев Александр:20251014/3/1> from solution ID=Кибизов Кирилл:20251014/3, TASK_ID=20251014/3, USER_ID=Кибизов Кирилл, timestamp=2025-10-20 20:35:18
14:35:29 21.12.2025 [                     make]: |WARNING|: Not found check named<Броничев Александр:20251014/3/2> from solution ID=Кибизов Кирилл:20251014/3, TASK_ID=20251014/3, USER_ID=Кибизов Кирилл, timestamp=2025-10-20 20:35:18
14:35:29 21.12.2025 [                     make]: |WARNING|: Not found check named<Броничев Александр:20251014/3/3> from solution ID=Кибизов Кирилл:20251014/3, TASK_ID=20251014/3, USER_ID=Кибизов Кирилл, timestamp=2025-10-20 20:35:18
14:35:30 21.12.2025 [                     make]: |WARNING|: Not found check named<Броничев Александр:20251028/2/1> from solution ID=Кибизов Кирилл:20251028/2, TASK_ID=20251028/2, USER_ID=Кибизов Кирилл, timestamp=2025-11-02 16:45:51
14:35:30 21.12.2025 [                     make]: |WARNING|: Not found check named<Броничев Александр:20251028/2/2> from solution ID=Кибизов Кирилл:20251028/2, TASK_ID=20251028/2, USER_ID=Кибизов Кирилл, timestamp=2025-11-02 16:45:51
14:35:30 21.12.2025 [                     make]: |WARNING|: Not found check named<Броничев Александр:20251028/2/3> from solution ID=Кибизов Кирилл:20251028/2, TASK_ID=20251028/2, USER_ID=Кибизов Кирилл, timestamp=2025-11-02 16:45:51
14:35:30 21.12.2025 [                     make]: |WARNING|: Not found check named<Броничев Александр:20251028/3/1> from solution ID=Кибизов Кирилл:20251028/3, TASK_ID=20251028/3, USER_ID=Кибизов Кирилл, timestamp=2025-11-02 16:45:51
14:35:30 21.12.2025 [                     make]: |WARNING|: Not found check named<Броничев Александр:20251028/3/2> from solution ID=Кибизов Кирилл:20251028/3, TASK_ID=20251028/3, USER_ID=Кибизов Кирилл, timestamp=2025-11-02 16:45:51
14:35:30 21.12.2025 [                     make]: |WARNING|: Not found check named<Броничев Александр:20251028/3/3> from solution ID=Кибизов Кирилл:20251028/3, TASK_ID=20251028/3, USER_ID=Кибизов Кирилл, timestamp=2025-11-02 16:45:51
14:35:31 21.12.2025 [                     make]: |WARNING|: Not found check named<Броничев Александр:20251111/2/1> from solution ID=Кибизов Кирилл:20251111/2, TASK_ID=20251111/2, USER_ID=Кибизов Кирилл, timestamp=2025-11-16 22:21:23
14:35:31 21.12.2025 [                     make]: |WARNING|: Not found check named<Броничев Александр:20251111/2/2> from solution ID=Кибизов Кирилл:20251111/2, TASK_ID=20251111/2, USER_ID=Кибизов Кирилл, timestamp=2025-11-16 22:21:23
14:35:31 21.12.2025 [                     make]: |WARNING|: Not found check named<Броничев Александр:20251111/2/3> from solution ID=Кибизов Кирилл:20251111/2, TASK_ID=20251111/2, USER_ID=Кибизов Кирилл, timestamp=2025-11-16 22:21:23
14:35:31 21.12.2025 [                     make]: |WARNING|: Not found check named<Броничев Александр:20251111/3/1> from solution ID=Кибизов Кирилл:20251111/3, TASK_ID=20251111/3, USER_ID=Кибизов Кирилл, timestamp=2025-11-16 22:21:23
14:35:31 21.12.2025 [                     make]: |WARNING|: Not found check named<Броничев Александр:20251111/3/2> from solution ID=Кибизов Кирилл:20251111/3, TASK_ID=20251111/3, USER_ID=Кибизов Кирилл, timestamp=2025-11-16 22:21:23
14:35:31 21.12.2025 [                     make]: |WARNING|: Not found check named<Броничев Александр:20251111/3/3> from solution ID=Кибизов Кирилл:20251111/3, TASK_ID=20251111/3, USER_ID=Кибизов Кирилл, timestamp=2025-11-16 22:21:23
14:35:31 21.12.2025 [                     make]: |WARNING|: Not found check named<Броничев Александр:20251125/1/1> from solution ID=Кибизов Кирилл:20251125/1, TASK_ID=20251125/1, USER_ID=Кибизов Кирилл, timestamp=2025-11-28 22:01:15
14:35:31 21.12.2025 [                     make]: |WARNING|: Not found check named<Броничев Александр:20251125/1/2> from solution ID=Кибизов Кирилл:20251125/1, TASK_ID=20251125/1, USER_ID=Кибизов Кирилл, timestamp=2025-11-28 22:01:15
14:35:31 21.12.2025 [                     make]: |WARNING|: Not found check named<Броничев Александр:20251125/1/3> from solution ID=Кибизов Кирилл:20251125/1, TASK_ID=20251125/1, USER_ID=Кибизов Кирилл, timestamp=2025-11-28 22:01:15
14:35:31 21.12.2025 [                     make]: |WARNING|: Not found check named<Броничев Александр:20251125/2/1> from solution ID=Кибизов Кирилл:20251125/2, TASK_ID=20251125/2, USER_ID=Кибизов Кирилл, timestamp=2025-11-28 22:01:15
14:35:31 21.12.2025 [                     make]: |WARNING|: Not found check named<Броничев Александр:20251125/2/2> from solution ID=Кибизов Кирилл:20251125/2, TASK_ID=20251125/2, USER_ID=Кибизов Кирилл, timestamp=2025-11-28 22:01:15
14:35:31 21.12.2025 [                     make]: |WARNING|: Not found check named<Броничев Александр:20251125/2/3> from solution ID=Кибизов Кирилл:20251125/2, TASK_ID=20251125/2, USER_ID=Кибизов Кирилл, timestamp=2025-11-28 22:01:15
14:35:31 21.12.2025 [                     make]: |WARNING|: Not found check named<Броничев Александр:20251202/1/1> from solution ID=Кибизов Кирилл:20251202/1, TASK_ID=20251202/1, USER_ID=Кибизов Кирилл, timestamp=2025-12-07 01:59:19
14:35:31 21.12.2025 [                     make]: |WARNING|: Not found check named<Броничев Александр:20251202/1/2> from solution ID=Кибизов Кирилл:20251202/1, TASK_ID=20251202/1, USER_ID=Кибизов Кирилл, timestamp=2025-12-07 01:59:19
14:35:31 21.12.2025 [                     make]: |WARNING|: Not found check named<Броничев Александр:20251202/1/3> from solution ID=Кибизов Кирилл:20251202/1, TASK_ID=20251202/1, USER_ID=Кибизов Кирилл, timestamp=2025-12-07 01:59:19
14:35:31 21.12.2025 [                     make]: |WARNING|: Not found check named<Броничев Александр:20251202/2/1> from solution ID=Кибизов Кирилл:20251202/2, TASK_ID=20251202/2, USER_ID=Кибизов Кирилл, timestamp=2025-12-07 01:59:19
14:35:31 21.12.2025 [                     make]: |WARNING|: Not found check named<Броничев Александр:20251202/2/2> from solution ID=Кибизов Кирилл:20251202/2, TASK_ID=20251202/2, USER_ID=Кибизов Кирилл, timestamp=2025-12-07 01:59:19
14:35:31 21.12.2025 [                     make]: |WARNING|: Not found check named<Броничев Александр:20251202/2/3> from solution ID=Кибизов Кирилл:20251202/2, TASK_ID=20251202/2, USER_ID=Кибизов Кирилл, timestamp=2025-12-07 01:59:19
14:35:31 21.12.2025 [                    score]: |   INFO|: Importing user functions...
14:35:31 21.12.2025 [                    score]: |   INFO|: Performing all imported qualifiers...
